
[GIN-debug] GET    /api/admin.v1/permissions --> github.com/starter-go/security-gin-gorm/components/web/controllers/admin.(*PermissionController).handleGetList-fm (4 handlers)
[GIN-debug] POST   /api/admin.v1/permissions --> github.com/starter-go/security-gin-gorm/components/web/controllers/admin.(*PermissionController).handleInsert-fm (4 handlers)
[GIN-debug] DELETE /api/admin.v1/permissions/:id --> github.com/starter-go/security-gin-gorm/components/web/controllers/admin.(*PermissionController).handleRemove-fm (4 handlers)
[GIN-debug] GET    /api/admin.v1/permissions/:id --> github.com/starter-go/security-gin-gorm/components/web/controllers/admin.(*PermissionController).handleGetOne-fm (4 handlers)
[GIN-debug] PUT    /api/admin.v1/permissions/:id --> github.com/starter-go/security-gin-gorm/components/web/controllers/admin.(*PermissionController).handleUpdate-fm (4 handlers)
[GIN-debug] POST   /api/admin.v1/permissions/apply --> github.com/starter-go/security-gin-gorm/components/web/controllers/admin.(*PermissionController).handleApply-fm (4 handlers)
[GIN-debug] POST   /api/admin.v1/permissions/import-from-resource --> github.com/starter-go/security-gin-gorm/components/web/controllers/admin.(*PermissionController).handleImportFromResource-fm (4 handlers)
[GIN-debug] GET    /api/admin.v1/regions     --> github.com/starter-go/security-gin-gorm/components/web/controllers/admin.(*RegionController).handleGetList-fm (4 handlers)
[GIN-debug] POST   /api/admin.v1/regions     --> github.com/starter-go/security-gin-gorm/components/web/controllers/admin.(*RegionController).handleInsert-fm (4 handlers)
[GIN-debug] DELETE /api/admin.v1/regions/:id --> github.com/starter-go/security-gin-gorm/components/web/controllers/admin.(*RegionController).handleRemove-fm (4 handlers)
[GIN-debug] GET    /api/admin.v1/regions/:id --> github.com/starter-go/security-gin-gorm/components/web/controllers/admin.(*RegionController).handleGetOne-fm (4 handlers)
[GIN-debug] PUT    /api/admin.v1/regions/:id --> github.com/starter-go/security-gin-gorm/components/web/controllers/admin.(*RegionController).handleUpdate-fm (4 handlers)
[GIN-debug] GET    /api/admin.v1/roles       --> github.com/starter-go/security-gin-gorm/components/web/controllers/admin.(*RoleController).handleGetList-fm (4 handlers)
[GIN-debug] POST   /api/admin.v1/roles       --> github.com/starter-go/security-gin-gorm/components/web/controllers/admin.(*RoleController).handleInsert-fm (4 handlers)
[GIN-debug] DELETE /api/admin.v1/roles/:id   --> github.com/starter-go/security-gin-gorm/components/web/controllers/admin.(*RoleController).handleRemove-fm (4 handlers)
[GIN-debug] GET    /api/admin.v1/roles/:id   --> github.com/starter-go/security-gin-gorm/components/web/controllers/admin.(*RoleController).handleGetOne-fm (4 handlers)
[GIN-debug] PUT    /api/admin.v1/roles/:id   --> github.com/starter-go/security-gin-gorm/components/web/controllers/admin.(*RoleController).handleUpdate-fm (4 handlers)
[GIN-debug] GET    /api/admin.v1/users       --> github.com/starter-go/security-gin-gorm/components/web/controllers/admin.(*UserController).handleGetList-fm (4 handlers)
[GIN-debug] POST   /api/admin.v1/users       --> github.com/starter-go/security-gin-gorm/components/web/controllers/admin.(*UserController).handleInsert-fm (4 handlers)
[GIN-debug] DELETE /api/admin.v1/users/:id   --> github.com/starter-go/security-gin-gorm/components/web/controllers/admin.(*UserController).handleRemove-fm (4 handlers)
[GIN-debug] GET    /api/admin.v1/users/:id   --> github.com/starter-go/security-gin-gorm/components/web/controllers/admin.(*UserController).handleGetOne-fm (4 handlers)
[GIN-debug] PUT    /api/admin.v1/users/:id   --> github.com/starter-go/security-gin-gorm/components/web/controllers/admin.(*UserController).handleUpdate-fm (4 handlers)
[GIN-debug] GET    /api/dev.v1/Example       --> github.com/starter-go/security-gin-gorm/components/web/controllers/develop.(*ExampleController).handleGetList-fm (5 handlers)
[GIN-debug] POST   /api/dev.v1/Example       --> github.com/starter-go/security-gin-gorm/components/web/controllers/develop.(*ExampleController).handleInsert-fm (5 handlers)
[GIN-debug] DELETE /api/dev.v1/Example/:id   --> github.com/starter-go/security-gin-gorm/components/web/controllers/develop.(*ExampleController).handleRemove-fm (5 handlers)
[GIN-debug] GET    /api/dev.v1/Example/:id   --> github.com/starter-go/security-gin-gorm/components/web/controllers/develop.(*ExampleController).handleGetOne-fm (5 handlers)
[GIN-debug] PUT    /api/dev.v1/Example/:id   --> github.com/starter-go/security-gin-gorm/components/web/controllers/develop.(*ExampleController).handleUpdate-fm (5 handlers)
[GIN-debug] GET    /api/dev.v1/debug         --> github.com/starter-go/security-gin-gorm/components/web/controllers/develop.(*DebugController).handleGetList-fm (5 handlers)
[GIN-debug] POST   /api/dev.v1/debug         --> github.com/starter-go/security-gin-gorm/components/web/controllers/develop.(*DebugController).handleInsert-fm (5 handlers)
[GIN-debug] DELETE /api/dev.v1/debug/:id     --> github.com/starter-go/security-gin-gorm/components/web/controllers/develop.(*DebugController).handleRemove-fm (5 handlers)
[GIN-debug] GET    /api/dev.v1/debug/:id     --> github.com/starter-go/security-gin-gorm/components/web/controllers/develop.(*DebugController).handleGetOne-fm (5 handlers)
[GIN-debug] PUT    /api/dev.v1/debug/:id     --> github.com/starter-go/security-gin-gorm/components/web/controllers/develop.(*DebugController).handleUpdate-fm (5 handlers)
[GIN-debug] POST   /api/v1/auth              --> github.com/starter-go/security-gin-gorm/components/web/controllers/home.(*AuthController).handleSignIn-fm (6 handlers)
[GIN-debug] POST   /api/v1/auth/reset-password --> github.com/starter-go/security-gin-gorm/components/web/controllers/home.(*AuthController).handleResetPassword-fm (6 handlers)
[GIN-debug] POST   /api/v1/auth/send-verification-mail --> github.com/starter-go/security-gin-gorm/components/web/controllers/home.(*AuthController).handleSendVerificationMail-fm (6 handlers)
[GIN-debug] POST   /api/v1/auth/send-verification-sms --> github.com/starter-go/security-gin-gorm/components/web/controllers/home.(*AuthController).handleSendVerificationSMS-fm (6 handlers)
[GIN-debug] POST   /api/v1/auth/set-password --> github.com/starter-go/security-gin-gorm/components/web/controllers/home.(*AuthController).handleSetPassword-fm (6 handlers)
[GIN-debug] POST   /api/v1/auth/sign-in      --> github.com/starter-go/security-gin-gorm/components/web/controllers/home.(*AuthController).handleSignIn-fm (6 handlers)
[GIN-debug] POST   /api/v1/auth/sign-up      --> github.com/starter-go/security-gin-gorm/components/web/controllers/home.(*AuthController).handleSignUp-fm (6 handlers)
[GIN-debug] GET    /api/v1/permissions       --> github.com/starter-go/security-gin-gorm/components/web/controllers/home.(*PermissionController).handleGetList-fm (6 handlers)
[GIN-debug] POST   /api/v1/permissions       --> github.com/starter-go/security-gin-gorm/components/web/controllers/home.(*PermissionController).handleInsert-fm (6 handlers)
[GIN-debug] DELETE /api/v1/permissions/:id   --> github.com/starter-go/security-gin-gorm/components/web/controllers/home.(*PermissionController).handleRemove-fm (6 handlers)
[GIN-debug] GET    /api/v1/permissions/:id   --> github.com/starter-go/security-gin-gorm/components/web/controllers/home.(*PermissionController).handleGetOne-fm (6 handlers)
[GIN-debug] PUT    /api/v1/permissions/:id   --> github.com/starter-go/security-gin-gorm/components/web/controllers/home.(*PermissionController).handleUpdate-fm (6 handlers)
[GIN-debug] GET    /api/v1/regions           --> github.com/starter-go/security-gin-gorm/components/web/controllers/home.(*RegionController).handleGetList-fm (6 handlers)
[GIN-debug] GET    /api/v1/regions/:id       --> github.com/starter-go/security-gin-gorm/components/web/controllers/home.(*RegionController).handleGetOne-fm (6 handlers)
[GIN-debug] GET    /api/v1/roles             --> github.com/starter-go/security-gin-gorm/components/web/controllers/home.(*RoleController).handleGetList-fm (6 handlers)
[GIN-debug] POST   /api/v1/roles             --> github.com/starter-go/security-gin-gorm/components/web/controllers/home.(*RoleController).handleInsert-fm (6 handlers)
[GIN-debug] DELETE /api/v1/roles/:id         --> github.com/starter-go/security-gin-gorm/components/web/controllers/home.(*RoleController).handleRemove-fm (6 handlers)
[GIN-debug] GET    /api/v1/roles/:id         --> github.com/starter-go/security-gin-gorm/components/web/controllers/home.(*RoleController).handleGetOne-fm (6 handlers)
[GIN-debug] PUT    /api/v1/roles/:id         --> github.com/starter-go/security-gin-gorm/components/web/controllers/home.(*RoleController).handleUpdate-fm (6 handlers)
[GIN-debug] GET    /api/v1/sessions          --> github.com/starter-go/security-gin-gorm/components/web/controllers/home.(*SessionController).handleGetList-fm (6 handlers)
[GIN-debug] POST   /api/v1/sessions          --> github.com/starter-go/security-gin-gorm/components/web/controllers/home.(*SessionController).handleInsert-fm (6 handlers)
[GIN-debug] DELETE /api/v1/sessions/:id      --> github.com/starter-go/security-gin-gorm/components/web/controllers/home.(*SessionController).handleRemove-fm (6 handlers)
[GIN-debug] GET    /api/v1/sessions/:id      --> github.com/starter-go/security-gin-gorm/components/web/controllers/home.(*SessionController).handleGetOne-fm (6 handlers)
[GIN-debug] PUT    /api/v1/sessions/:id      --> github.com/starter-go/security-gin-gorm/components/web/controllers/home.(*SessionController).handleUpdate-fm (6 handlers)
[GIN-debug] GET    /api/v1/sessions/current  --> github.com/starter-go/security-gin-gorm/components/web/controllers/home.(*SessionController).handleGetCurrent-fm (6 handlers)
[GIN-debug] GET    /api/v1/tokens            --> github.com/starter-go/security-gin-gorm/components/web/controllers/home.(*TokenController).handleGetList-fm (6 handlers)
[GIN-debug] POST   /api/v1/tokens            --> github.com/starter-go/security-gin-gorm/components/web/controllers/home.(*TokenController).handleInsert-fm (6 handlers)
[GIN-debug] DELETE /api/v1/tokens/:id        --> github.com/starter-go/security-gin-gorm/components/web/controllers/home.(*TokenController).handleRemove-fm (6 handlers)
[GIN-debug] GET    /api/v1/tokens/:id        --> github.com/starter-go/security-gin-gorm/components/web/controllers/home.(*TokenController).handleGetOne-fm (6 handlers)
[GIN-debug] PUT    /api/v1/tokens/:id        --> github.com/starter-go/security-gin-gorm/components/web/controllers/home.(*TokenController).handleUpdate-fm (6 handlers)
[GIN-debug] GET    /api/v1/tokens/current    --> github.com/starter-go/security-gin-gorm/components/web/controllers/home.(*TokenController).handleGetCurrent-fm (6 handlers)
[GIN-debug] POST   /api/v1/tokens/renew      --> github.com/starter-go/security-gin-gorm/components/web/controllers/home.(*TokenController).handleRenew-fm (6 handlers)
[GIN-debug] GET    /api/v1/users             --> github.com/starter-go/security-gin-gorm/components/web/controllers/home.(*UserController).handleGetList-fm (6 handlers)
[GIN-debug] POST   /api/v1/users             --> github.com/starter-go/security-gin-gorm/components/web/controllers/home.(*UserController).handleInsert-fm (6 handlers)
[GIN-debug] DELETE /api/v1/users/:id         --> github.com/starter-go/security-gin-gorm/components/web/controllers/home.(*UserController).handleRemove-fm (6 handlers)
[GIN-debug] GET    /api/v1/users/:id         --> github.com/starter-go/security-gin-gorm/components/web/controllers/home.(*UserController).handleGetOne-fm (6 handlers)
[GIN-debug] PUT    /api/v1/users/:id         --> github.com/starter-go/security-gin-gorm/components/web/controllers/home.(*UserController).handleUpdate-fm (6 handlers)
[GIN-debug] GET    /                         --> github.com/starter-go/libgin/implements.(*StaticController).makeHandler.func2 (7 handlers)
[GIN-debug] GET    /css/example.css          --> github.com/starter-go/libgin/implements.(*StaticController).makeHandler.func1 (7 handlers)
[GIN-debug] GET    /favicon.ico              --> github.com/starter-go/libgin/implements.(*StaticController).makeHandler.func1 (7 handlers)
[GIN-debug] GET    /image/example.png        --> github.com/starter-go/libgin/implements.(*StaticController).makeHandler.func1 (7 handlers)
[GIN-debug] GET    /index.html               --> github.com/starter-go/libgin/implements.(*StaticController).makeHandler.func1 (7 handlers)
[GIN-debug] GET    /js/example.js            --> github.com/starter-go/libgin/implements.(*StaticController).makeHandler.func1 (7 handlers)

